<?xml version="1.0" encoding="UTF-8"?>
<!-- Generated by org.testng.reporters.JUnitXMLReporter -->
<testsuite ignored="0" hostname="IN-LP-229" failures="0" tests="4" name="Default test" time="0.097" errors="0" timestamp="2024-02-19T12:49:10 IST">
  <testcase classname="bankProject.bankProject.BankTest" name="testDeposit" time="0.022"/>
  <testcase classname="bankProject.bankProject.BankTest" name="testGetBalance" time="0.001"/>
  <testcase classname="bankProject.bankProject.BankTest" name="testWithdrawInsufficientFunds" time="0.001"/>
  <testcase classname="bankProject.bankProject.BankTest" name="testWithdrawSufficientFunds" time="0.001"/>
</testsuite> <!-- Default test -->
