<?xml version="1.0" encoding="UTF-8"?>
<testng-results ignored="0" total="4" passed="4" failed="0" skipped="0">
  <reporter-output>
  </reporter-output>
  <suite started-at="2024-02-19T12:49:10 IST" name="Default suite" finished-at="2024-02-19T12:49:10 IST" duration-ms="97">
    <groups>
    </groups>
    <test started-at="2024-02-19T12:49:10 IST" name="Default test" finished-at="2024-02-19T12:49:10 IST" duration-ms="97">
      <class name="bankProject.bankProject.BankTest">
        <test-method is-config="true" signature="setUp()[pri:0, instance:bankProject.bankProject.BankTest@6892b3b6]" started-at="2024-02-19T12:49:10 IST" name="setUp" finished-at="2024-02-19T12:49:10 IST" duration-ms="11" status="PASS">
          <reporter-output>
          </reporter-output>
        </test-method> <!-- setUp -->
        <test-method signature="testDeposit()[pri:0, instance:bankProject.bankProject.BankTest@6892b3b6]" started-at="2024-02-19T12:49:10 IST" name="testDeposit" finished-at="2024-02-19T12:49:10 IST" duration-ms="22" status="PASS">
          <reporter-output>
          </reporter-output>
        </test-method> <!-- testDeposit -->
        <test-method is-config="true" signature="setUp()[pri:0, instance:bankProject.bankProject.BankTest@6892b3b6]" started-at="2024-02-19T12:49:10 IST" name="setUp" finished-at="2024-02-19T12:49:10 IST" duration-ms="1" status="PASS">
          <reporter-output>
          </reporter-output>
        </test-method> <!-- setUp -->
        <test-method signature="testGetBalance()[pri:0, instance:bankProject.bankProject.BankTest@6892b3b6]" started-at="2024-02-19T12:49:10 IST" name="testGetBalance" finished-at="2024-02-19T12:49:10 IST" duration-ms="1" status="PASS">
          <reporter-output>
          </reporter-output>
        </test-method> <!-- testGetBalance -->
        <test-method signature="testWithdrawInsufficientFunds()[pri:0, instance:bankProject.bankProject.BankTest@6892b3b6]" started-at="2024-02-19T12:49:10 IST" name="testWithdrawInsufficientFunds" finished-at="2024-02-19T12:49:10 IST" duration-ms="1" status="PASS">
          <reporter-output>
          </reporter-output>
        </test-method> <!-- testWithdrawInsufficientFunds -->
        <test-method is-config="true" signature="setUp()[pri:0, instance:bankProject.bankProject.BankTest@6892b3b6]" started-at="2024-02-19T12:49:10 IST" name="setUp" finished-at="2024-02-19T12:49:10 IST" duration-ms="0" status="PASS">
          <reporter-output>
          </reporter-output>
        </test-method> <!-- setUp -->
        <test-method is-config="true" signature="setUp()[pri:0, instance:bankProject.bankProject.BankTest@6892b3b6]" started-at="2024-02-19T12:49:10 IST" name="setUp" finished-at="2024-02-19T12:49:10 IST" duration-ms="1" status="PASS">
          <reporter-output>
          </reporter-output>
        </test-method> <!-- setUp -->
        <test-method signature="testWithdrawSufficientFunds()[pri:0, instance:bankProject.bankProject.BankTest@6892b3b6]" started-at="2024-02-19T12:49:10 IST" name="testWithdrawSufficientFunds" finished-at="2024-02-19T12:49:10 IST" duration-ms="1" status="PASS">
          <reporter-output>
          </reporter-output>
        </test-method> <!-- testWithdrawSufficientFunds -->
      </class> <!-- bankProject.bankProject.BankTest -->
    </test> <!-- Default test -->
  </suite> <!-- Default suite -->
</testng-results>
